# JRE version: OpenJDK Runtime Environment (8.0_76-b03) (build 1.8.0_76-release-b03)
# Java VM: OpenJDK 64-Bit Server VM (25.76-b03 mixed mode linux-amd64 compressed oops)
Heap:
 PSYoungGen      total 223232K, used 11770K [0x00000000eab00000, 0x00000000f9800000, 0x0000000100000000)
  eden space 211456K, 0% used [0x00000000eab00000,0x00000000eab00000,0x00000000f7980000)
  from space 11776K, 99% used [0x00000000f7980000,0x00000000f84fe838,0x00000000f8500000)
  to   space 11264K, 0% used [0x00000000f8500000,0x00000000f8500000,0x00000000f9000000)
 ParOldGen       total 44032K, used 25241K [0x00000000c0000000, 0x00000000c2b00000, 0x00000000eab00000)
  object space 44032K, 57% used [0x00000000c0000000,0x00000000c18a6420,0x00000000c2b00000)
 Metaspace       used 49004K, capacity 50348K, committed 50432K, reserved 1093632K
  class space    used 6581K, capacity 6887K, committed 6912K, reserved 1048576K
GC Heap History (10 events):
Event: 15,482 GC heap after
Heap after GC invocations=6 (full 1):
 PSYoungGen      total 64000K, used 0K [0x00000000eab00000, 0x00000000f3800000, 0x0000000100000000)
  eden space 61440K, 0% used [0x00000000eab00000,0x00000000eab00000,0x00000000ee700000)
  from space 2560K, 0% used [0x00000000ee700000,0x00000000ee700000,0x00000000ee980000)
  to   space 10752K, 0% used [0x00000000f2d80000,0x00000000f2d80000,0x00000000f3800000)
 ParOldGen       total 35840K, used 10436K [0x00000000c0000000, 0x00000000c2300000, 0x00000000eab00000)
  object space 35840K, 29% used [0x00000000c0000000,0x00000000c0a313a8,0x00000000c2300000)
 Metaspace       used 20883K, capacity 21186K, committed 21296K, reserved 1067008K
  class space    used 2786K, capacity 2885K, committed 2944K, reserved 1048576K
}
Event: 21,545 GC heap before
{Heap before GC invocations=7 (full 1):
 PSYoungGen      total 64000K, used 61440K [0x00000000eab00000, 0x00000000f3800000, 0x0000000100000000)
  eden space 61440K, 100% used [0x00000000eab00000,0x00000000ee700000,0x00000000ee700000)
  from space 2560K, 0% used [0x00000000ee700000,0x00000000ee700000,0x00000000ee980000)
  to   space 10752K, 0% used [0x00000000f2d80000,0x00000000f2d80000,0x00000000f3800000)
 ParOldGen       total 35840K, used 10436K [0x00000000c0000000, 0x00000000c2300000, 0x00000000eab00000)
  object space 35840K, 29% used [0x00000000c0000000,0x00000000c0a313a8,0x00000000c2300000)
 Metaspace       used 26253K, capacity 26742K, committed 26880K, reserved 1073152K
  class space    used 3628K, capacity 3751K, committed 3840K, reserved 1048576K
Event: 21,567 GC heap after
Heap after GC invocations=7 (full 1):
 PSYoungGen      total 121856K, used 6300K [0x00000000eab00000, 0x00000000f3400000, 0x0000000100000000)
  eden space 115200K, 0% used [0x00000000eab00000,0x00000000eab00000,0x00000000f1b80000)
  from space 6656K, 94% used [0x00000000f2d80000,0x00000000f33a7100,0x00000000f3400000)
  to   space 10752K, 0% used [0x00000000f1f00000,0x00000000f1f00000,0x00000000f2980000)
 ParOldGen       total 35840K, used 10444K [0x00000000c0000000, 0x00000000c2300000, 0x00000000eab00000)
  object space 35840K, 29% used [0x00000000c0000000,0x00000000c0a333a8,0x00000000c2300000)
 Metaspace       used 26253K, capacity 26742K, committed 26880K, reserved 1073152K
  class space    used 3628K, capacity 3751K, committed 3840K, reserved 1048576K
}
Event: 29,145 GC heap before
{Heap before GC invocations=8 (full 1):
 PSYoungGen      total 121856K, used 121500K [0x00000000eab00000, 0x00000000f3400000, 0x0000000100000000)
  eden space 115200K, 100% used [0x00000000eab00000,0x00000000f1b80000,0x00000000f1b80000)
  from space 6656K, 94% used [0x00000000f2d80000,0x00000000f33a7100,0x00000000f3400000)
  to   space 10752K, 0% used [0x00000000f1f00000,0x00000000f1f00000,0x00000000f2980000)
 ParOldGen       total 35840K, used 10444K [0x00000000c0000000, 0x00000000c2300000, 0x00000000eab00000)
  object space 35840K, 29% used [0x00000000c0000000,0x00000000c0a333a8,0x00000000c2300000)
 Metaspace       used 32076K, capacity 32754K, committed 33024K, reserved 1077248K
  class space    used 4346K, capacity 4565K, committed 4608K, reserved 1048576K
Event: 29,157 GC heap after
Heap after GC invocations=8 (full 1):
 PSYoungGen      total 129536K, used 8745K [0x00000000eab00000, 0x00000000f9000000, 0x0000000100000000)
  eden space 118784K, 0% used [0x00000000eab00000,0x00000000eab00000,0x00000000f1f00000)
  from space 10752K, 81% used [0x00000000f1f00000,0x00000000f278a600,0x00000000f2980000)
  to   space 11264K, 0% used [0x00000000f8500000,0x00000000f8500000,0x00000000f9000000)
 ParOldGen       total 35840K, used 10524K [0x00000000c0000000, 0x00000000c2300000, 0x00000000eab00000)
  object space 35840K, 29% used [0x00000000c0000000,0x00000000c0a473d0,0x00000000c2300000)
 Metaspace       used 32076K, capacity 32754K, committed 33024K, reserved 1077248K
  class space    used 4346K, capacity 4565K, committed 4608K, reserved 1048576K
}
Event: 29,744 GC heap before
{Heap before GC invocations=9 (full 1):
 PSYoungGen      total 129536K, used 53400K [0x00000000eab00000, 0x00000000f9000000, 0x0000000100000000)
  eden space 118784K, 37% used [0x00000000eab00000,0x00000000ed69ba28,0x00000000f1f00000)
  from space 10752K, 81% used [0x00000000f1f00000,0x00000000f278a600,0x00000000f2980000)
  to   space 11264K, 0% used [0x00000000f8500000,0x00000000f8500000,0x00000000f9000000)
 ParOldGen       total 35840K, used 10524K [0x00000000c0000000, 0x00000000c2300000, 0x00000000eab00000)
  object space 35840K, 29% used [0x00000000c0000000,0x00000000c0a473d0,0x00000000c2300000)
 Metaspace       used 34746K, capacity 35292K, committed 35496K, reserved 1079296K
  class space    used 4659K, capacity 4828K, committed 4864K, reserved 1048576K
Event: 29,763 GC heap after
Heap after GC invocations=9 (full 1):
 PSYoungGen      total 222720K, used 8073K [0x00000000eab00000, 0x00000000f9800000, 0x0000000100000000)
  eden space 211456K, 0% used [0x00000000eab00000,0x00000000eab00000,0x00000000f7980000)
  from space 11264K, 71% used [0x00000000f8500000,0x00000000f8ce26d0,0x00000000f9000000)
  to   space 11776K, 0% used [0x00000000f7980000,0x00000000f7980000,0x00000000f8500000)
 ParOldGen       total 35840K, used 10532K [0x00000000c0000000, 0x00000000c2300000, 0x00000000eab00000)
  object space 35840K, 29% used [0x00000000c0000000,0x00000000c0a493d0,0x00000000c2300000)
 Metaspace       used 34746K, capacity 35292K, committed 35496K, reserved 1079296K
  class space    used 4659K, capacity 4828K, committed 4864K, reserved 1048576K
}
Event: 29,763 GC heap before
{Heap before GC invocations=10 (full 2):
 PSYoungGen      total 222720K, used 8073K [0x00000000eab00000, 0x00000000f9800000, 0x0000000100000000)
  eden space 211456K, 0% used [0x00000000eab00000,0x00000000eab00000,0x00000000f7980000)
  from space 11264K, 71% used [0x00000000f8500000,0x00000000f8ce26d0,0x00000000f9000000)
  to   space 11776K, 0% used [0x00000000f7980000,0x00000000f7980000,0x00000000f8500000)
 ParOldGen       total 35840K, used 10532K [0x00000000c0000000, 0x00000000c2300000, 0x00000000eab00000)
  object space 35840K, 29% used [0x00000000c0000000,0x00000000c0a493d0,0x00000000c2300000)
 Metaspace       used 34746K, capacity 35292K, committed 35496K, reserved 1079296K
  class space    used 4659K, capacity 4828K, committed 4864K, reserved 1048576K
Event: 29,864 GC heap after
Heap after GC invocations=10 (full 2):
 PSYoungGen      total 222720K, used 0K [0x00000000eab00000, 0x00000000f9800000, 0x0000000100000000)
  eden space 211456K, 0% used [0x00000000eab00000,0x00000000eab00000,0x00000000f7980000)
  from space 11264K, 0% used [0x00000000f8500000,0x00000000f8500000,0x00000000f9000000)
  to   space 11776K, 0% used [0x00000000f7980000,0x00000000f7980000,0x00000000f8500000)
 ParOldGen       total 44032K, used 15564K [0x00000000c0000000, 0x00000000c2b00000, 0x00000000eab00000)
  object space 44032K, 35% used [0x00000000c0000000,0x00000000c0f33290,0x00000000c2b00000)
 Metaspace       used 34746K, capacity 35292K, committed 35496K, reserved 1079296K
  class space    used 4659K, capacity 4828K, committed 4864K, reserved 1048576K
}
Event: 54,548 GC heap before
{Heap before GC invocations=11 (full 2):
 PSYoungGen      total 222720K, used 211456K [0x00000000eab00000, 0x00000000f9800000, 0x0000000100000000)
  eden space 211456K, 100% used [0x00000000eab00000,0x00000000f7980000,0x00000000f7980000)
  from space 11264K, 0% used [0x00000000f8500000,0x00000000f8500000,0x00000000f9000000)
  to   space 11776K, 0% used [0x00000000f7980000,0x00000000f7980000,0x00000000f8500000)
 ParOldGen       total 44032K, used 15564K [0x00000000c0000000, 0x00000000c2b00000, 0x00000000eab00000)
  object space 44032K, 35% used [0x00000000c0000000,0x00000000c0f33290,0x00000000c2b00000)
 Metaspace       used 49004K, capacity 50348K, committed 50432K, reserved 1093632K
  class space    used 6581K, capacity 6887K, committed 6912K, reserved 1048576K

